<?xml version="1.0" encoding="UTF-8"?>
<testsuite xmlns:xsi="http://www.w3.org/2001/XMLSchema-instance" xsi:noNamespaceSchemaLocation="https://maven.apache.org/surefire/maven-surefire-plugin/xsd/surefire-test-report.xsd" name="com.example.demo.BookTests" time="1.304" tests="1" errors="0" skipped="0" failures="0">
  <properties>
    <property name="java.specification.version" value="17"/>
    <property name="sun.jnu.encoding" value="UTF-8"/>
    <property name="java.class.path" value="/Users/hari/_workarea_/spring-learn/spring-jdbc-firefly/target/test-classes:/Users/hari/_workarea_/spring-learn/spring-jdbc-firefly/target/classes:/Users/hari/.m2/repository/org/springframework/boot/spring-boot-starter-web/3.0.0-M1/spring-boot-starter-web-3.0.0-M1.jar:/Users/hari/.m2/repository/org/springframework/boot/spring-boot-starter/3.0.0-M1/spring-boot-starter-3.0.0-M1.jar:/Users/hari/.m2/repository/org/springframework/boot/spring-boot-starter-logging/3.0.0-M1/spring-boot-starter-logging-3.0.0-M1.jar:/Users/hari/.m2/repository/ch/qos/logback/logback-classic/1.2.10/logback-classic-1.2.10.jar:/Users/hari/.m2/repository/ch/qos/logback/logback-core/1.2.10/logback-core-1.2.10.jar:/Users/hari/.m2/repository/org/apache/logging/log4j/log4j-to-slf4j/2.17.1/log4j-to-slf4j-2.17.1.jar:/Users/hari/.m2/repository/org/apache/logging/log4j/log4j-api/2.17.1/log4j-api-2.17.1.jar:/Users/hari/.m2/repository/org/slf4j/jul-to-slf4j/1.7.33/jul-to-slf4j-1.7.33.jar:/Users/hari/.m2/repository/jakarta/annotation/jakarta.annotation-api/2.0.0/jakarta.annotation-api-2.0.0.jar:/Users/hari/.m2/repository/org/yaml/snakeyaml/1.30/snakeyaml-1.30.jar:/Users/hari/.m2/repository/org/springframework/boot/spring-boot-starter-json/3.0.0-M1/spring-boot-starter-json-3.0.0-M1.jar:/Users/hari/.m2/repository/com/fasterxml/jackson/core/jackson-databind/2.13.1/jackson-databind-2.13.1.jar:/Users/hari/.m2/repository/com/fasterxml/jackson/core/jackson-annotations/2.13.1/jackson-annotations-2.13.1.jar:/Users/hari/.m2/repository/com/fasterxml/jackson/core/jackson-core/2.13.1/jackson-core-2.13.1.jar:/Users/hari/.m2/repository/com/fasterxml/jackson/datatype/jackson-datatype-jdk8/2.13.1/jackson-datatype-jdk8-2.13.1.jar:/Users/hari/.m2/repository/com/fasterxml/jackson/datatype/jackson-datatype-jsr310/2.13.1/jackson-datatype-jsr310-2.13.1.jar:/Users/hari/.m2/repository/com/fasterxml/jackson/module/jackson-module-parameter-names/2.13.1/jackson-module-parameter-names-2.13.1.jar:/Users/hari/.m2/repository/org/springframework/boot/spring-boot-starter-tomcat/3.0.0-M1/spring-boot-starter-tomcat-3.0.0-M1.jar:/Users/hari/.m2/repository/org/apache/tomcat/embed/tomcat-embed-core/10.0.16/tomcat-embed-core-10.0.16.jar:/Users/hari/.m2/repository/org/apache/tomcat/embed/tomcat-embed-el/10.0.16/tomcat-embed-el-10.0.16.jar:/Users/hari/.m2/repository/org/apache/tomcat/embed/tomcat-embed-websocket/10.0.16/tomcat-embed-websocket-10.0.16.jar:/Users/hari/.m2/repository/org/springframework/spring-web/6.0.0-M2/spring-web-6.0.0-M2.jar:/Users/hari/.m2/repository/org/springframework/spring-beans/6.0.0-M2/spring-beans-6.0.0-M2.jar:/Users/hari/.m2/repository/org/springframework/spring-webmvc/6.0.0-M2/spring-webmvc-6.0.0-M2.jar:/Users/hari/.m2/repository/org/springframework/spring-aop/6.0.0-M2/spring-aop-6.0.0-M2.jar:/Users/hari/.m2/repository/org/springframework/spring-context/6.0.0-M2/spring-context-6.0.0-M2.jar:/Users/hari/.m2/repository/org/springframework/spring-expression/6.0.0-M2/spring-expression-6.0.0-M2.jar:/Users/hari/.m2/repository/org/springframework/boot/spring-boot-starter-jdbc/3.0.0-M1/spring-boot-starter-jdbc-3.0.0-M1.jar:/Users/hari/.m2/repository/com/zaxxer/HikariCP/5.0.1/HikariCP-5.0.1.jar:/Users/hari/.m2/repository/org/slf4j/slf4j-api/1.7.33/slf4j-api-1.7.33.jar:/Users/hari/.m2/repository/org/springframework/spring-jdbc/6.0.0-M2/spring-jdbc-6.0.0-M2.jar:/Users/hari/.m2/repository/org/springframework/spring-tx/6.0.0-M2/spring-tx-6.0.0-M2.jar:/Users/hari/.m2/repository/org/postgresql/postgresql/42.3.1/postgresql-42.3.1.jar:/Users/hari/.m2/repository/org/checkerframework/checker-qual/3.5.0/checker-qual-3.5.0.jar:/Users/hari/.m2/repository/org/flywaydb/flyway-core/8.4.1/flyway-core-8.4.1.jar:/Users/hari/.m2/repository/org/projectlombok/lombok/1.18.22/lombok-1.18.22.jar:/Users/hari/.m2/repository/org/springframework/boot/spring-boot-devtools/3.0.0-M1/spring-boot-devtools-3.0.0-M1.jar:/Users/hari/.m2/repository/org/springframework/boot/spring-boot/3.0.0-M1/spring-boot-3.0.0-M1.jar:/Users/hari/.m2/repository/org/springframework/boot/spring-boot-autoconfigure/3.0.0-M1/spring-boot-autoconfigure-3.0.0-M1.jar:/Users/hari/.m2/repository/org/springframework/boot/spring-boot-starter-test/3.0.0-M1/spring-boot-starter-test-3.0.0-M1.jar:/Users/hari/.m2/repository/org/springframework/boot/spring-boot-test/3.0.0-M1/spring-boot-test-3.0.0-M1.jar:/Users/hari/.m2/repository/org/springframework/boot/spring-boot-test-autoconfigure/3.0.0-M1/spring-boot-test-autoconfigure-3.0.0-M1.jar:/Users/hari/.m2/repository/com/jayway/jsonpath/json-path/2.6.0/json-path-2.6.0.jar:/Users/hari/.m2/repository/net/minidev/json-smart/2.4.7/json-smart-2.4.7.jar:/Users/hari/.m2/repository/net/minidev/accessors-smart/2.4.7/accessors-smart-2.4.7.jar:/Users/hari/.m2/repository/org/ow2/asm/asm/9.1/asm-9.1.jar:/Users/hari/.m2/repository/jakarta/xml/bind/jakarta.xml.bind-api/3.0.1/jakarta.xml.bind-api-3.0.1.jar:/Users/hari/.m2/repository/com/sun/activation/jakarta.activation/2.0.1/jakarta.activation-2.0.1.jar:/Users/hari/.m2/repository/org/hamcrest/hamcrest/2.2/hamcrest-2.2.jar:/Users/hari/.m2/repository/org/junit/jupiter/junit-jupiter/5.8.2/junit-jupiter-5.8.2.jar:/Users/hari/.m2/repository/org/junit/jupiter/junit-jupiter-params/5.8.2/junit-jupiter-params-5.8.2.jar:/Users/hari/.m2/repository/org/mockito/mockito-core/4.2.0/mockito-core-4.2.0.jar:/Users/hari/.m2/repository/net/bytebuddy/byte-buddy/1.12.7/byte-buddy-1.12.7.jar:/Users/hari/.m2/repository/net/bytebuddy/byte-buddy-agent/1.12.7/byte-buddy-agent-1.12.7.jar:/Users/hari/.m2/repository/org/objenesis/objenesis/3.2/objenesis-3.2.jar:/Users/hari/.m2/repository/org/mockito/mockito-junit-jupiter/4.2.0/mockito-junit-jupiter-4.2.0.jar:/Users/hari/.m2/repository/org/skyscreamer/jsonassert/1.5.0/jsonassert-1.5.0.jar:/Users/hari/.m2/repository/com/vaadin/external/google/android-json/0.0.20131108.vaadin1/android-json-0.0.20131108.vaadin1.jar:/Users/hari/.m2/repository/org/springframework/spring-core/6.0.0-M2/spring-core-6.0.0-M2.jar:/Users/hari/.m2/repository/org/springframework/spring-jcl/6.0.0-M2/spring-jcl-6.0.0-M2.jar:/Users/hari/.m2/repository/org/springframework/spring-test/6.0.0-M2/spring-test-6.0.0-M2.jar:/Users/hari/.m2/repository/org/xmlunit/xmlunit-core/2.8.4/xmlunit-core-2.8.4.jar:/Users/hari/.m2/repository/junit/junit/4.13.2/junit-4.13.2.jar:/Users/hari/.m2/repository/org/hamcrest/hamcrest-core/2.2/hamcrest-core-2.2.jar:/Users/hari/.m2/repository/org/junit/jupiter/junit-jupiter-engine/5.8.2/junit-jupiter-engine-5.8.2.jar:/Users/hari/.m2/repository/org/junit/platform/junit-platform-engine/1.8.2/junit-platform-engine-1.8.2.jar:/Users/hari/.m2/repository/org/opentest4j/opentest4j/1.2.0/opentest4j-1.2.0.jar:/Users/hari/.m2/repository/org/junit/platform/junit-platform-commons/1.8.2/junit-platform-commons-1.8.2.jar:/Users/hari/.m2/repository/org/junit/jupiter/junit-jupiter-api/5.8.2/junit-jupiter-api-5.8.2.jar:/Users/hari/.m2/repository/org/apiguardian/apiguardian-api/1.1.2/apiguardian-api-1.1.2.jar:/Users/hari/.m2/repository/org/junit/vintage/junit-vintage-engine/5.8.2/junit-vintage-engine-5.8.2.jar:/Users/hari/.m2/repository/org/assertj/assertj-core/3.22.0/assertj-core-3.22.0.jar:"/>
    <property name="java.vm.vendor" value="Homebrew"/>
    <property name="sun.arch.data.model" value="64"/>
    <property name="java.vendor.url" value="https://github.com/Homebrew/homebrew-core/issues"/>
    <property name="os.name" value="Mac OS X"/>
    <property name="java.vm.specification.version" value="17"/>
    <property name="sun.java.launcher" value="SUN_STANDARD"/>
    <property name="user.country" value="US"/>
    <property name="sun.boot.library.path" value="/opt/homebrew/Cellar/openjdk/17.0.1_1/libexec/openjdk.jdk/Contents/Home/lib"/>
    <property name="sun.java.command" value="/Users/hari/_workarea_/spring-learn/spring-jdbc-firefly/target/surefire/surefirebooter12399499584387724814.jar /Users/hari/_workarea_/spring-learn/spring-jdbc-firefly/target/surefire 2022-02-10T20-03-19_524-jvmRun1 surefire4873748779622098899tmp surefire_114807411499172378840tmp"/>
    <property name="http.nonProxyHosts" value="local|*.local|169.254/16|*.169.254/16"/>
    <property name="jdk.debug" value="release"/>
    <property name="surefire.test.class.path" value="/Users/hari/_workarea_/spring-learn/spring-jdbc-firefly/target/test-classes:/Users/hari/_workarea_/spring-learn/spring-jdbc-firefly/target/classes:/Users/hari/.m2/repository/org/springframework/boot/spring-boot-starter-web/3.0.0-M1/spring-boot-starter-web-3.0.0-M1.jar:/Users/hari/.m2/repository/org/springframework/boot/spring-boot-starter/3.0.0-M1/spring-boot-starter-3.0.0-M1.jar:/Users/hari/.m2/repository/org/springframework/boot/spring-boot-starter-logging/3.0.0-M1/spring-boot-starter-logging-3.0.0-M1.jar:/Users/hari/.m2/repository/ch/qos/logback/logback-classic/1.2.10/logback-classic-1.2.10.jar:/Users/hari/.m2/repository/ch/qos/logback/logback-core/1.2.10/logback-core-1.2.10.jar:/Users/hari/.m2/repository/org/apache/logging/log4j/log4j-to-slf4j/2.17.1/log4j-to-slf4j-2.17.1.jar:/Users/hari/.m2/repository/org/apache/logging/log4j/log4j-api/2.17.1/log4j-api-2.17.1.jar:/Users/hari/.m2/repository/org/slf4j/jul-to-slf4j/1.7.33/jul-to-slf4j-1.7.33.jar:/Users/hari/.m2/repository/jakarta/annotation/jakarta.annotation-api/2.0.0/jakarta.annotation-api-2.0.0.jar:/Users/hari/.m2/repository/org/yaml/snakeyaml/1.30/snakeyaml-1.30.jar:/Users/hari/.m2/repository/org/springframework/boot/spring-boot-starter-json/3.0.0-M1/spring-boot-starter-json-3.0.0-M1.jar:/Users/hari/.m2/repository/com/fasterxml/jackson/core/jackson-databind/2.13.1/jackson-databind-2.13.1.jar:/Users/hari/.m2/repository/com/fasterxml/jackson/core/jackson-annotations/2.13.1/jackson-annotations-2.13.1.jar:/Users/hari/.m2/repository/com/fasterxml/jackson/core/jackson-core/2.13.1/jackson-core-2.13.1.jar:/Users/hari/.m2/repository/com/fasterxml/jackson/datatype/jackson-datatype-jdk8/2.13.1/jackson-datatype-jdk8-2.13.1.jar:/Users/hari/.m2/repository/com/fasterxml/jackson/datatype/jackson-datatype-jsr310/2.13.1/jackson-datatype-jsr310-2.13.1.jar:/Users/hari/.m2/repository/com/fasterxml/jackson/module/jackson-module-parameter-names/2.13.1/jackson-module-parameter-names-2.13.1.jar:/Users/hari/.m2/repository/org/springframework/boot/spring-boot-starter-tomcat/3.0.0-M1/spring-boot-starter-tomcat-3.0.0-M1.jar:/Users/hari/.m2/repository/org/apache/tomcat/embed/tomcat-embed-core/10.0.16/tomcat-embed-core-10.0.16.jar:/Users/hari/.m2/repository/org/apache/tomcat/embed/tomcat-embed-el/10.0.16/tomcat-embed-el-10.0.16.jar:/Users/hari/.m2/repository/org/apache/tomcat/embed/tomcat-embed-websocket/10.0.16/tomcat-embed-websocket-10.0.16.jar:/Users/hari/.m2/repository/org/springframework/spring-web/6.0.0-M2/spring-web-6.0.0-M2.jar:/Users/hari/.m2/repository/org/springframework/spring-beans/6.0.0-M2/spring-beans-6.0.0-M2.jar:/Users/hari/.m2/repository/org/springframework/spring-webmvc/6.0.0-M2/spring-webmvc-6.0.0-M2.jar:/Users/hari/.m2/repository/org/springframework/spring-aop/6.0.0-M2/spring-aop-6.0.0-M2.jar:/Users/hari/.m2/repository/org/springframework/spring-context/6.0.0-M2/spring-context-6.0.0-M2.jar:/Users/hari/.m2/repository/org/springframework/spring-expression/6.0.0-M2/spring-expression-6.0.0-M2.jar:/Users/hari/.m2/repository/org/springframework/boot/spring-boot-starter-jdbc/3.0.0-M1/spring-boot-starter-jdbc-3.0.0-M1.jar:/Users/hari/.m2/repository/com/zaxxer/HikariCP/5.0.1/HikariCP-5.0.1.jar:/Users/hari/.m2/repository/org/slf4j/slf4j-api/1.7.33/slf4j-api-1.7.33.jar:/Users/hari/.m2/repository/org/springframework/spring-jdbc/6.0.0-M2/spring-jdbc-6.0.0-M2.jar:/Users/hari/.m2/repository/org/springframework/spring-tx/6.0.0-M2/spring-tx-6.0.0-M2.jar:/Users/hari/.m2/repository/org/postgresql/postgresql/42.3.1/postgresql-42.3.1.jar:/Users/hari/.m2/repository/org/checkerframework/checker-qual/3.5.0/checker-qual-3.5.0.jar:/Users/hari/.m2/repository/org/flywaydb/flyway-core/8.4.1/flyway-core-8.4.1.jar:/Users/hari/.m2/repository/org/projectlombok/lombok/1.18.22/lombok-1.18.22.jar:/Users/hari/.m2/repository/org/springframework/boot/spring-boot-devtools/3.0.0-M1/spring-boot-devtools-3.0.0-M1.jar:/Users/hari/.m2/repository/org/springframework/boot/spring-boot/3.0.0-M1/spring-boot-3.0.0-M1.jar:/Users/hari/.m2/repository/org/springframework/boot/spring-boot-autoconfigure/3.0.0-M1/spring-boot-autoconfigure-3.0.0-M1.jar:/Users/hari/.m2/repository/org/springframework/boot/spring-boot-starter-test/3.0.0-M1/spring-boot-starter-test-3.0.0-M1.jar:/Users/hari/.m2/repository/org/springframework/boot/spring-boot-test/3.0.0-M1/spring-boot-test-3.0.0-M1.jar:/Users/hari/.m2/repository/org/springframework/boot/spring-boot-test-autoconfigure/3.0.0-M1/spring-boot-test-autoconfigure-3.0.0-M1.jar:/Users/hari/.m2/repository/com/jayway/jsonpath/json-path/2.6.0/json-path-2.6.0.jar:/Users/hari/.m2/repository/net/minidev/json-smart/2.4.7/json-smart-2.4.7.jar:/Users/hari/.m2/repository/net/minidev/accessors-smart/2.4.7/accessors-smart-2.4.7.jar:/Users/hari/.m2/repository/org/ow2/asm/asm/9.1/asm-9.1.jar:/Users/hari/.m2/repository/jakarta/xml/bind/jakarta.xml.bind-api/3.0.1/jakarta.xml.bind-api-3.0.1.jar:/Users/hari/.m2/repository/com/sun/activation/jakarta.activation/2.0.1/jakarta.activation-2.0.1.jar:/Users/hari/.m2/repository/org/hamcrest/hamcrest/2.2/hamcrest-2.2.jar:/Users/hari/.m2/repository/org/junit/jupiter/junit-jupiter/5.8.2/junit-jupiter-5.8.2.jar:/Users/hari/.m2/repository/org/junit/jupiter/junit-jupiter-params/5.8.2/junit-jupiter-params-5.8.2.jar:/Users/hari/.m2/repository/org/mockito/mockito-core/4.2.0/mockito-core-4.2.0.jar:/Users/hari/.m2/repository/net/bytebuddy/byte-buddy/1.12.7/byte-buddy-1.12.7.jar:/Users/hari/.m2/repository/net/bytebuddy/byte-buddy-agent/1.12.7/byte-buddy-agent-1.12.7.jar:/Users/hari/.m2/repository/org/objenesis/objenesis/3.2/objenesis-3.2.jar:/Users/hari/.m2/repository/org/mockito/mockito-junit-jupiter/4.2.0/mockito-junit-jupiter-4.2.0.jar:/Users/hari/.m2/repository/org/skyscreamer/jsonassert/1.5.0/jsonassert-1.5.0.jar:/Users/hari/.m2/repository/com/vaadin/external/google/android-json/0.0.20131108.vaadin1/android-json-0.0.20131108.vaadin1.jar:/Users/hari/.m2/repository/org/springframework/spring-core/6.0.0-M2/spring-core-6.0.0-M2.jar:/Users/hari/.m2/repository/org/springframework/spring-jcl/6.0.0-M2/spring-jcl-6.0.0-M2.jar:/Users/hari/.m2/repository/org/springframework/spring-test/6.0.0-M2/spring-test-6.0.0-M2.jar:/Users/hari/.m2/repository/org/xmlunit/xmlunit-core/2.8.4/xmlunit-core-2.8.4.jar:/Users/hari/.m2/repository/junit/junit/4.13.2/junit-4.13.2.jar:/Users/hari/.m2/repository/org/hamcrest/hamcrest-core/2.2/hamcrest-core-2.2.jar:/Users/hari/.m2/repository/org/junit/jupiter/junit-jupiter-engine/5.8.2/junit-jupiter-engine-5.8.2.jar:/Users/hari/.m2/repository/org/junit/platform/junit-platform-engine/1.8.2/junit-platform-engine-1.8.2.jar:/Users/hari/.m2/repository/org/opentest4j/opentest4j/1.2.0/opentest4j-1.2.0.jar:/Users/hari/.m2/repository/org/junit/platform/junit-platform-commons/1.8.2/junit-platform-commons-1.8.2.jar:/Users/hari/.m2/repository/org/junit/jupiter/junit-jupiter-api/5.8.2/junit-jupiter-api-5.8.2.jar:/Users/hari/.m2/repository/org/apiguardian/apiguardian-api/1.1.2/apiguardian-api-1.1.2.jar:/Users/hari/.m2/repository/org/junit/vintage/junit-vintage-engine/5.8.2/junit-vintage-engine-5.8.2.jar:/Users/hari/.m2/repository/org/assertj/assertj-core/3.22.0/assertj-core-3.22.0.jar:"/>
    <property name="sun.cpu.endian" value="little"/>
    <property name="user.home" value="/Users/hari"/>
    <property name="user.language" value="en"/>
    <property name="java.specification.vendor" value="Oracle Corporation"/>
    <property name="java.version.date" value="2021-10-19"/>
    <property name="java.home" value="/opt/homebrew/Cellar/openjdk/17.0.1_1/libexec/openjdk.jdk/Contents/Home"/>
    <property name="file.separator" value="/"/>
    <property name="basedir" value="/Users/hari/_workarea_/spring-learn/spring-jdbc-firefly"/>
    <property name="java.vm.compressedOopsMode" value="Zero based"/>
    <property name="line.separator" value="&#10;"/>
    <property name="java.specification.name" value="Java Platform API Specification"/>
    <property name="java.vm.specification.vendor" value="Oracle Corporation"/>
    <property name="surefire.real.class.path" value="/Users/hari/_workarea_/spring-learn/spring-jdbc-firefly/target/surefire/surefirebooter12399499584387724814.jar"/>
    <property name="sun.management.compiler" value="HotSpot 64-Bit Tiered Compilers"/>
    <property name="ftp.nonProxyHosts" value="local|*.local|169.254/16|*.169.254/16"/>
    <property name="java.runtime.version" value="17.0.1+1"/>
    <property name="user.name" value="hari"/>
    <property name="path.separator" value=":"/>
    <property name="os.version" value="12.1"/>
    <property name="java.runtime.name" value="OpenJDK Runtime Environment"/>
    <property name="file.encoding" value="UTF-8"/>
    <property name="java.vm.name" value="OpenJDK 64-Bit Server VM"/>
    <property name="java.vendor.version" value="Homebrew"/>
    <property name="localRepository" value="/Users/hari/.m2/repository"/>
    <property name="java.vendor.url.bug" value="https://github.com/Homebrew/homebrew-core/issues"/>
    <property name="java.io.tmpdir" value="/var/folders/pd/1dj0x63145q75l9f8l_xylyh0000gn/T/"/>
    <property name="java.version" value="17.0.1"/>
    <property name="user.dir" value="/Users/hari/_workarea_/spring-learn/spring-jdbc-firefly"/>
    <property name="os.arch" value="aarch64"/>
    <property name="java.vm.specification.name" value="Java Virtual Machine Specification"/>
    <property name="native.encoding" value="UTF-8"/>
    <property name="java.library.path" value="/Users/hari/Library/Java/Extensions:/Library/Java/Extensions:/Network/Library/Java/Extensions:/System/Library/Java/Extensions:/usr/lib/java:."/>
    <property name="java.vm.info" value="mixed mode, sharing"/>
    <property name="java.vendor" value="Homebrew"/>
    <property name="java.vm.version" value="17.0.1+1"/>
    <property name="sun.io.unicode.encoding" value="UnicodeBig"/>
    <property name="socksNonProxyHosts" value="local|*.local|169.254/16|*.169.254/16"/>
    <property name="java.class.version" value="61.0"/>
  </properties>
  <testcase name="exerciseRepositoryForSimpleEntity" classname="com.example.demo.BookTests" time="0.181"/>
</testsuite>