<?xml version="1.0" encoding="UTF-8"?>
<testsuite xmlns:xsi="http://www.w3.org/2001/XMLSchema-instance" xsi:noNamespaceSchemaLocation="https://maven.apache.org/surefire/maven-surefire-plugin/xsd/surefire-test-report.xsd" name="com.example.demo.PatientControllerTest" time="1.397" tests="1" errors="0" skipped="0" failures="1">
  <properties>
    <property name="java.specification.version" value="17"/>
    <property name="sun.jnu.encoding" value="UTF-8"/>
    <property name="java.class.path" value="/Users/hari/_workarea_/spring-learn/spring-jdbc-firefly/target/test-classes:/Users/hari/_workarea_/spring-learn/spring-jdbc-firefly/target/classes:/Users/hari/.m2/repository/org/springframework/boot/spring-boot-starter-web/3.0.0-M1/spring-boot-starter-web-3.0.0-M1.jar:/Users/hari/.m2/repository/org/springframework/boot/spring-boot-starter/3.0.0-M1/spring-boot-starter-3.0.0-M1.jar:/Users/hari/.m2/repository/org/springframework/boot/spring-boot-starter-logging/3.0.0-M1/spring-boot-starter-logging-3.0.0-M1.jar:/Users/hari/.m2/repository/ch/qos/logback/logback-classic/1.2.10/logback-classic-1.2.10.jar:/Users/hari/.m2/repository/ch/qos/logback/logback-core/1.2.10/logback-core-1.2.10.jar:/Users/hari/.m2/repository/org/apache/logging/log4j/log4j-to-slf4j/2.17.1/log4j-to-slf4j-2.17.1.jar:/Users/hari/.m2/repository/org/apache/logging/log4j/log4j-api/2.17.1/log4j-api-2.17.1.jar:/Users/hari/.m2/repository/org/slf4j/jul-to-slf4j/1.7.33/jul-to-slf4j-1.7.33.jar:/Users/hari/.m2/repository/jakarta/annotation/jakarta.annotation-api/2.0.0/jakarta.annotation-api-2.0.0.jar:/Users/hari/.m2/repository/org/yaml/snakeyaml/1.30/snakeyaml-1.30.jar:/Users/hari/.m2/repository/org/springframework/boot/spring-boot-starter-json/3.0.0-M1/spring-boot-starter-json-3.0.0-M1.jar:/Users/hari/.m2/repository/com/fasterxml/jackson/core/jackson-databind/2.13.1/jackson-databind-2.13.1.jar:/Users/hari/.m2/repository/com/fasterxml/jackson/core/jackson-annotations/2.13.1/jackson-annotations-2.13.1.jar:/Users/hari/.m2/repository/com/fasterxml/jackson/core/jackson-core/2.13.1/jackson-core-2.13.1.jar:/Users/hari/.m2/repository/com/fasterxml/jackson/datatype/jackson-datatype-jdk8/2.13.1/jackson-datatype-jdk8-2.13.1.jar:/Users/hari/.m2/repository/com/fasterxml/jackson/datatype/jackson-datatype-jsr310/2.13.1/jackson-datatype-jsr310-2.13.1.jar:/Users/hari/.m2/repository/com/fasterxml/jackson/module/jackson-module-parameter-names/2.13.1/jackson-module-parameter-names-2.13.1.jar:/Users/hari/.m2/repository/org/springframework/boot/spring-boot-starter-tomcat/3.0.0-M1/spring-boot-starter-tomcat-3.0.0-M1.jar:/Users/hari/.m2/repository/org/apache/tomcat/embed/tomcat-embed-core/10.0.16/tomcat-embed-core-10.0.16.jar:/Users/hari/.m2/repository/org/apache/tomcat/embed/tomcat-embed-el/10.0.16/tomcat-embed-el-10.0.16.jar:/Users/hari/.m2/repository/org/apache/tomcat/embed/tomcat-embed-websocket/10.0.16/tomcat-embed-websocket-10.0.16.jar:/Users/hari/.m2/repository/org/springframework/spring-web/6.0.0-M2/spring-web-6.0.0-M2.jar:/Users/hari/.m2/repository/org/springframework/spring-beans/6.0.0-M2/spring-beans-6.0.0-M2.jar:/Users/hari/.m2/repository/org/springframework/spring-webmvc/6.0.0-M2/spring-webmvc-6.0.0-M2.jar:/Users/hari/.m2/repository/org/springframework/spring-aop/6.0.0-M2/spring-aop-6.0.0-M2.jar:/Users/hari/.m2/repository/org/springframework/spring-context/6.0.0-M2/spring-context-6.0.0-M2.jar:/Users/hari/.m2/repository/org/springframework/spring-expression/6.0.0-M2/spring-expression-6.0.0-M2.jar:/Users/hari/.m2/repository/org/springframework/boot/spring-boot-starter-jdbc/3.0.0-M1/spring-boot-starter-jdbc-3.0.0-M1.jar:/Users/hari/.m2/repository/com/zaxxer/HikariCP/5.0.1/HikariCP-5.0.1.jar:/Users/hari/.m2/repository/org/slf4j/slf4j-api/1.7.33/slf4j-api-1.7.33.jar:/Users/hari/.m2/repository/org/springframework/spring-jdbc/6.0.0-M2/spring-jdbc-6.0.0-M2.jar:/Users/hari/.m2/repository/org/springframework/spring-tx/6.0.0-M2/spring-tx-6.0.0-M2.jar:/Users/hari/.m2/repository/org/springframework/boot/spring-boot-starter-test/3.0.0-M1/spring-boot-starter-test-3.0.0-M1.jar:/Users/hari/.m2/repository/org/springframework/boot/spring-boot-test/3.0.0-M1/spring-boot-test-3.0.0-M1.jar:/Users/hari/.m2/repository/org/springframework/boot/spring-boot-test-autoconfigure/3.0.0-M1/spring-boot-test-autoconfigure-3.0.0-M1.jar:/Users/hari/.m2/repository/com/jayway/jsonpath/json-path/2.6.0/json-path-2.6.0.jar:/Users/hari/.m2/repository/net/minidev/json-smart/2.4.7/json-smart-2.4.7.jar:/Users/hari/.m2/repository/net/minidev/accessors-smart/2.4.7/accessors-smart-2.4.7.jar:/Users/hari/.m2/repository/org/ow2/asm/asm/9.1/asm-9.1.jar:/Users/hari/.m2/repository/jakarta/xml/bind/jakarta.xml.bind-api/3.0.1/jakarta.xml.bind-api-3.0.1.jar:/Users/hari/.m2/repository/com/sun/activation/jakarta.activation/2.0.1/jakarta.activation-2.0.1.jar:/Users/hari/.m2/repository/org/hamcrest/hamcrest/2.2/hamcrest-2.2.jar:/Users/hari/.m2/repository/org/junit/jupiter/junit-jupiter/5.8.2/junit-jupiter-5.8.2.jar:/Users/hari/.m2/repository/org/junit/jupiter/junit-jupiter-params/5.8.2/junit-jupiter-params-5.8.2.jar:/Users/hari/.m2/repository/org/mockito/mockito-core/4.2.0/mockito-core-4.2.0.jar:/Users/hari/.m2/repository/net/bytebuddy/byte-buddy/1.12.7/byte-buddy-1.12.7.jar:/Users/hari/.m2/repository/net/bytebuddy/byte-buddy-agent/1.12.7/byte-buddy-agent-1.12.7.jar:/Users/hari/.m2/repository/org/objenesis/objenesis/3.2/objenesis-3.2.jar:/Users/hari/.m2/repository/org/mockito/mockito-junit-jupiter/4.2.0/mockito-junit-jupiter-4.2.0.jar:/Users/hari/.m2/repository/org/skyscreamer/jsonassert/1.5.0/jsonassert-1.5.0.jar:/Users/hari/.m2/repository/com/vaadin/external/google/android-json/0.0.20131108.vaadin1/android-json-0.0.20131108.vaadin1.jar:/Users/hari/.m2/repository/org/springframework/spring-core/6.0.0-M2/spring-core-6.0.0-M2.jar:/Users/hari/.m2/repository/org/springframework/spring-jcl/6.0.0-M2/spring-jcl-6.0.0-M2.jar:/Users/hari/.m2/repository/org/springframework/spring-test/6.0.0-M2/spring-test-6.0.0-M2.jar:/Users/hari/.m2/repository/org/xmlunit/xmlunit-core/2.8.4/xmlunit-core-2.8.4.jar:/Users/hari/.m2/repository/org/postgresql/postgresql/42.3.1/postgresql-42.3.1.jar:/Users/hari/.m2/repository/org/checkerframework/checker-qual/3.5.0/checker-qual-3.5.0.jar:/Users/hari/.m2/repository/org/flywaydb/flyway-core/8.4.1/flyway-core-8.4.1.jar:/Users/hari/.m2/repository/org/projectlombok/lombok/1.18.22/lombok-1.18.22.jar:/Users/hari/.m2/repository/org/springframework/boot/spring-boot-devtools/3.0.0-M1/spring-boot-devtools-3.0.0-M1.jar:/Users/hari/.m2/repository/org/springframework/boot/spring-boot/3.0.0-M1/spring-boot-3.0.0-M1.jar:/Users/hari/.m2/repository/org/springframework/boot/spring-boot-autoconfigure/3.0.0-M1/spring-boot-autoconfigure-3.0.0-M1.jar:/Users/hari/.m2/repository/junit/junit/4.13.2/junit-4.13.2.jar:/Users/hari/.m2/repository/org/hamcrest/hamcrest-core/2.2/hamcrest-core-2.2.jar:/Users/hari/.m2/repository/org/junit/jupiter/junit-jupiter-engine/5.8.2/junit-jupiter-engine-5.8.2.jar:/Users/hari/.m2/repository/org/junit/platform/junit-platform-engine/1.8.2/junit-platform-engine-1.8.2.jar:/Users/hari/.m2/repository/org/opentest4j/opentest4j/1.2.0/opentest4j-1.2.0.jar:/Users/hari/.m2/repository/org/junit/platform/junit-platform-commons/1.8.2/junit-platform-commons-1.8.2.jar:/Users/hari/.m2/repository/org/junit/jupiter/junit-jupiter-api/5.8.2/junit-jupiter-api-5.8.2.jar:/Users/hari/.m2/repository/org/apiguardian/apiguardian-api/1.1.2/apiguardian-api-1.1.2.jar:/Users/hari/.m2/repository/org/junit/vintage/junit-vintage-engine/5.8.2/junit-vintage-engine-5.8.2.jar:/Users/hari/.m2/repository/org/assertj/assertj-core/3.22.0/assertj-core-3.22.0.jar:"/>
    <property name="java.vm.vendor" value="Homebrew"/>
    <property name="sun.arch.data.model" value="64"/>
    <property name="java.vendor.url" value="https://github.com/Homebrew/homebrew-core/issues"/>
    <property name="os.name" value="Mac OS X"/>
    <property name="java.vm.specification.version" value="17"/>
    <property name="sun.java.launcher" value="SUN_STANDARD"/>
    <property name="user.country" value="US"/>
    <property name="sun.boot.library.path" value="/opt/homebrew/Cellar/openjdk/17.0.1_1/libexec/openjdk.jdk/Contents/Home/lib"/>
    <property name="sun.java.command" value="/Users/hari/_workarea_/spring-learn/spring-jdbc-firefly/target/surefire/surefirebooter16896430994070202416.jar /Users/hari/_workarea_/spring-learn/spring-jdbc-firefly/target/surefire 2022-02-12T20-34-45_018-jvmRun1 surefire9462379013213459738tmp surefire_012724278089964363549tmp"/>
    <property name="http.nonProxyHosts" value="local|*.local|169.254/16|*.169.254/16"/>
    <property name="jdk.debug" value="release"/>
    <property name="surefire.test.class.path" value="/Users/hari/_workarea_/spring-learn/spring-jdbc-firefly/target/test-classes:/Users/hari/_workarea_/spring-learn/spring-jdbc-firefly/target/classes:/Users/hari/.m2/repository/org/springframework/boot/spring-boot-starter-web/3.0.0-M1/spring-boot-starter-web-3.0.0-M1.jar:/Users/hari/.m2/repository/org/springframework/boot/spring-boot-starter/3.0.0-M1/spring-boot-starter-3.0.0-M1.jar:/Users/hari/.m2/repository/org/springframework/boot/spring-boot-starter-logging/3.0.0-M1/spring-boot-starter-logging-3.0.0-M1.jar:/Users/hari/.m2/repository/ch/qos/logback/logback-classic/1.2.10/logback-classic-1.2.10.jar:/Users/hari/.m2/repository/ch/qos/logback/logback-core/1.2.10/logback-core-1.2.10.jar:/Users/hari/.m2/repository/org/apache/logging/log4j/log4j-to-slf4j/2.17.1/log4j-to-slf4j-2.17.1.jar:/Users/hari/.m2/repository/org/apache/logging/log4j/log4j-api/2.17.1/log4j-api-2.17.1.jar:/Users/hari/.m2/repository/org/slf4j/jul-to-slf4j/1.7.33/jul-to-slf4j-1.7.33.jar:/Users/hari/.m2/repository/jakarta/annotation/jakarta.annotation-api/2.0.0/jakarta.annotation-api-2.0.0.jar:/Users/hari/.m2/repository/org/yaml/snakeyaml/1.30/snakeyaml-1.30.jar:/Users/hari/.m2/repository/org/springframework/boot/spring-boot-starter-json/3.0.0-M1/spring-boot-starter-json-3.0.0-M1.jar:/Users/hari/.m2/repository/com/fasterxml/jackson/core/jackson-databind/2.13.1/jackson-databind-2.13.1.jar:/Users/hari/.m2/repository/com/fasterxml/jackson/core/jackson-annotations/2.13.1/jackson-annotations-2.13.1.jar:/Users/hari/.m2/repository/com/fasterxml/jackson/core/jackson-core/2.13.1/jackson-core-2.13.1.jar:/Users/hari/.m2/repository/com/fasterxml/jackson/datatype/jackson-datatype-jdk8/2.13.1/jackson-datatype-jdk8-2.13.1.jar:/Users/hari/.m2/repository/com/fasterxml/jackson/datatype/jackson-datatype-jsr310/2.13.1/jackson-datatype-jsr310-2.13.1.jar:/Users/hari/.m2/repository/com/fasterxml/jackson/module/jackson-module-parameter-names/2.13.1/jackson-module-parameter-names-2.13.1.jar:/Users/hari/.m2/repository/org/springframework/boot/spring-boot-starter-tomcat/3.0.0-M1/spring-boot-starter-tomcat-3.0.0-M1.jar:/Users/hari/.m2/repository/org/apache/tomcat/embed/tomcat-embed-core/10.0.16/tomcat-embed-core-10.0.16.jar:/Users/hari/.m2/repository/org/apache/tomcat/embed/tomcat-embed-el/10.0.16/tomcat-embed-el-10.0.16.jar:/Users/hari/.m2/repository/org/apache/tomcat/embed/tomcat-embed-websocket/10.0.16/tomcat-embed-websocket-10.0.16.jar:/Users/hari/.m2/repository/org/springframework/spring-web/6.0.0-M2/spring-web-6.0.0-M2.jar:/Users/hari/.m2/repository/org/springframework/spring-beans/6.0.0-M2/spring-beans-6.0.0-M2.jar:/Users/hari/.m2/repository/org/springframework/spring-webmvc/6.0.0-M2/spring-webmvc-6.0.0-M2.jar:/Users/hari/.m2/repository/org/springframework/spring-aop/6.0.0-M2/spring-aop-6.0.0-M2.jar:/Users/hari/.m2/repository/org/springframework/spring-context/6.0.0-M2/spring-context-6.0.0-M2.jar:/Users/hari/.m2/repository/org/springframework/spring-expression/6.0.0-M2/spring-expression-6.0.0-M2.jar:/Users/hari/.m2/repository/org/springframework/boot/spring-boot-starter-jdbc/3.0.0-M1/spring-boot-starter-jdbc-3.0.0-M1.jar:/Users/hari/.m2/repository/com/zaxxer/HikariCP/5.0.1/HikariCP-5.0.1.jar:/Users/hari/.m2/repository/org/slf4j/slf4j-api/1.7.33/slf4j-api-1.7.33.jar:/Users/hari/.m2/repository/org/springframework/spring-jdbc/6.0.0-M2/spring-jdbc-6.0.0-M2.jar:/Users/hari/.m2/repository/org/springframework/spring-tx/6.0.0-M2/spring-tx-6.0.0-M2.jar:/Users/hari/.m2/repository/org/springframework/boot/spring-boot-starter-test/3.0.0-M1/spring-boot-starter-test-3.0.0-M1.jar:/Users/hari/.m2/repository/org/springframework/boot/spring-boot-test/3.0.0-M1/spring-boot-test-3.0.0-M1.jar:/Users/hari/.m2/repository/org/springframework/boot/spring-boot-test-autoconfigure/3.0.0-M1/spring-boot-test-autoconfigure-3.0.0-M1.jar:/Users/hari/.m2/repository/com/jayway/jsonpath/json-path/2.6.0/json-path-2.6.0.jar:/Users/hari/.m2/repository/net/minidev/json-smart/2.4.7/json-smart-2.4.7.jar:/Users/hari/.m2/repository/net/minidev/accessors-smart/2.4.7/accessors-smart-2.4.7.jar:/Users/hari/.m2/repository/org/ow2/asm/asm/9.1/asm-9.1.jar:/Users/hari/.m2/repository/jakarta/xml/bind/jakarta.xml.bind-api/3.0.1/jakarta.xml.bind-api-3.0.1.jar:/Users/hari/.m2/repository/com/sun/activation/jakarta.activation/2.0.1/jakarta.activation-2.0.1.jar:/Users/hari/.m2/repository/org/hamcrest/hamcrest/2.2/hamcrest-2.2.jar:/Users/hari/.m2/repository/org/junit/jupiter/junit-jupiter/5.8.2/junit-jupiter-5.8.2.jar:/Users/hari/.m2/repository/org/junit/jupiter/junit-jupiter-params/5.8.2/junit-jupiter-params-5.8.2.jar:/Users/hari/.m2/repository/org/mockito/mockito-core/4.2.0/mockito-core-4.2.0.jar:/Users/hari/.m2/repository/net/bytebuddy/byte-buddy/1.12.7/byte-buddy-1.12.7.jar:/Users/hari/.m2/repository/net/bytebuddy/byte-buddy-agent/1.12.7/byte-buddy-agent-1.12.7.jar:/Users/hari/.m2/repository/org/objenesis/objenesis/3.2/objenesis-3.2.jar:/Users/hari/.m2/repository/org/mockito/mockito-junit-jupiter/4.2.0/mockito-junit-jupiter-4.2.0.jar:/Users/hari/.m2/repository/org/skyscreamer/jsonassert/1.5.0/jsonassert-1.5.0.jar:/Users/hari/.m2/repository/com/vaadin/external/google/android-json/0.0.20131108.vaadin1/android-json-0.0.20131108.vaadin1.jar:/Users/hari/.m2/repository/org/springframework/spring-core/6.0.0-M2/spring-core-6.0.0-M2.jar:/Users/hari/.m2/repository/org/springframework/spring-jcl/6.0.0-M2/spring-jcl-6.0.0-M2.jar:/Users/hari/.m2/repository/org/springframework/spring-test/6.0.0-M2/spring-test-6.0.0-M2.jar:/Users/hari/.m2/repository/org/xmlunit/xmlunit-core/2.8.4/xmlunit-core-2.8.4.jar:/Users/hari/.m2/repository/org/postgresql/postgresql/42.3.1/postgresql-42.3.1.jar:/Users/hari/.m2/repository/org/checkerframework/checker-qual/3.5.0/checker-qual-3.5.0.jar:/Users/hari/.m2/repository/org/flywaydb/flyway-core/8.4.1/flyway-core-8.4.1.jar:/Users/hari/.m2/repository/org/projectlombok/lombok/1.18.22/lombok-1.18.22.jar:/Users/hari/.m2/repository/org/springframework/boot/spring-boot-devtools/3.0.0-M1/spring-boot-devtools-3.0.0-M1.jar:/Users/hari/.m2/repository/org/springframework/boot/spring-boot/3.0.0-M1/spring-boot-3.0.0-M1.jar:/Users/hari/.m2/repository/org/springframework/boot/spring-boot-autoconfigure/3.0.0-M1/spring-boot-autoconfigure-3.0.0-M1.jar:/Users/hari/.m2/repository/junit/junit/4.13.2/junit-4.13.2.jar:/Users/hari/.m2/repository/org/hamcrest/hamcrest-core/2.2/hamcrest-core-2.2.jar:/Users/hari/.m2/repository/org/junit/jupiter/junit-jupiter-engine/5.8.2/junit-jupiter-engine-5.8.2.jar:/Users/hari/.m2/repository/org/junit/platform/junit-platform-engine/1.8.2/junit-platform-engine-1.8.2.jar:/Users/hari/.m2/repository/org/opentest4j/opentest4j/1.2.0/opentest4j-1.2.0.jar:/Users/hari/.m2/repository/org/junit/platform/junit-platform-commons/1.8.2/junit-platform-commons-1.8.2.jar:/Users/hari/.m2/repository/org/junit/jupiter/junit-jupiter-api/5.8.2/junit-jupiter-api-5.8.2.jar:/Users/hari/.m2/repository/org/apiguardian/apiguardian-api/1.1.2/apiguardian-api-1.1.2.jar:/Users/hari/.m2/repository/org/junit/vintage/junit-vintage-engine/5.8.2/junit-vintage-engine-5.8.2.jar:/Users/hari/.m2/repository/org/assertj/assertj-core/3.22.0/assertj-core-3.22.0.jar:"/>
    <property name="sun.cpu.endian" value="little"/>
    <property name="user.home" value="/Users/hari"/>
    <property name="user.language" value="en"/>
    <property name="java.specification.vendor" value="Oracle Corporation"/>
    <property name="java.version.date" value="2021-10-19"/>
    <property name="java.home" value="/opt/homebrew/Cellar/openjdk/17.0.1_1/libexec/openjdk.jdk/Contents/Home"/>
    <property name="file.separator" value="/"/>
    <property name="basedir" value="/Users/hari/_workarea_/spring-learn/spring-jdbc-firefly"/>
    <property name="java.vm.compressedOopsMode" value="Zero based"/>
    <property name="line.separator" value="&#10;"/>
    <property name="java.specification.name" value="Java Platform API Specification"/>
    <property name="java.vm.specification.vendor" value="Oracle Corporation"/>
    <property name="surefire.real.class.path" value="/Users/hari/_workarea_/spring-learn/spring-jdbc-firefly/target/surefire/surefirebooter16896430994070202416.jar"/>
    <property name="sun.management.compiler" value="HotSpot 64-Bit Tiered Compilers"/>
    <property name="ftp.nonProxyHosts" value="local|*.local|169.254/16|*.169.254/16"/>
    <property name="java.runtime.version" value="17.0.1+1"/>
    <property name="user.name" value="hari"/>
    <property name="path.separator" value=":"/>
    <property name="os.version" value="12.1"/>
    <property name="java.runtime.name" value="OpenJDK Runtime Environment"/>
    <property name="file.encoding" value="UTF-8"/>
    <property name="java.vm.name" value="OpenJDK 64-Bit Server VM"/>
    <property name="java.vendor.version" value="Homebrew"/>
    <property name="localRepository" value="/Users/hari/.m2/repository"/>
    <property name="java.vendor.url.bug" value="https://github.com/Homebrew/homebrew-core/issues"/>
    <property name="java.io.tmpdir" value="/var/folders/pd/1dj0x63145q75l9f8l_xylyh0000gn/T/"/>
    <property name="java.version" value="17.0.1"/>
    <property name="user.dir" value="/Users/hari/_workarea_/spring-learn/spring-jdbc-firefly"/>
    <property name="os.arch" value="aarch64"/>
    <property name="java.vm.specification.name" value="Java Virtual Machine Specification"/>
    <property name="native.encoding" value="UTF-8"/>
    <property name="java.library.path" value="/Users/hari/Library/Java/Extensions:/Library/Java/Extensions:/Network/Library/Java/Extensions:/System/Library/Java/Extensions:/usr/lib/java:."/>
    <property name="java.vm.info" value="mixed mode, sharing"/>
    <property name="java.vendor" value="Homebrew"/>
    <property name="java.vm.version" value="17.0.1+1"/>
    <property name="sun.io.unicode.encoding" value="UnicodeBig"/>
    <property name="socksNonProxyHosts" value="local|*.local|169.254/16|*.169.254/16"/>
    <property name="java.class.version" value="61.0"/>
  </properties>
  <testcase name="getPatients" classname="com.example.demo.PatientControllerTest" time="0.239">
    <failure message="[]: Expected 7 values but got 2" type="java.lang.AssertionError">java.lang.AssertionError: []: Expected 7 values but got 2
	at com.example.demo.PatientControllerTest.getPatients(PatientControllerTest.java:23)
</failure>
    <system-out><![CDATA[20:34:45.373 [main] DEBUG org.springframework.test.context.BootstrapUtils - Instantiating CacheAwareContextLoaderDelegate from class [org.springframework.test.context.cache.DefaultCacheAwareContextLoaderDelegate]
20:34:45.379 [main] DEBUG org.springframework.test.context.BootstrapUtils - Instantiating BootstrapContext using constructor [public org.springframework.test.context.support.DefaultBootstrapContext(java.lang.Class,org.springframework.test.context.CacheAwareContextLoaderDelegate)]
20:34:45.394 [main] DEBUG org.springframework.test.context.BootstrapUtils - Instantiating TestContextBootstrapper for test class [com.example.demo.PatientControllerTest] from class [org.springframework.boot.test.context.SpringBootTestContextBootstrapper]
20:34:45.399 [main] INFO org.springframework.boot.test.context.SpringBootTestContextBootstrapper - Neither @ContextConfiguration nor @ContextHierarchy found for test class [com.example.demo.PatientControllerTest], using SpringBootContextLoader
20:34:45.400 [main] DEBUG org.springframework.test.context.support.AbstractContextLoader - Did not detect default resource location for test class [com.example.demo.PatientControllerTest]: class path resource [com/example/demo/PatientControllerTest-context.xml] does not exist
20:34:45.401 [main] DEBUG org.springframework.test.context.support.AbstractContextLoader - Did not detect default resource location for test class [com.example.demo.PatientControllerTest]: class path resource [com/example/demo/PatientControllerTestContext.groovy] does not exist
20:34:45.401 [main] INFO org.springframework.test.context.support.AbstractContextLoader - Could not detect default resource locations for test class [com.example.demo.PatientControllerTest]: no resource found for suffixes {-context.xml, Context.groovy}.
20:34:45.417 [main] DEBUG org.springframework.test.context.support.ActiveProfilesUtils - Could not find an 'annotation declaring class' for annotation type [org.springframework.test.context.ActiveProfiles] and class [com.example.demo.PatientControllerTest]
20:34:45.462 [main] DEBUG org.springframework.boot.test.context.SpringBootTestContextBootstrapper - @TestExecutionListeners is not present for class [com.example.demo.PatientControllerTest]: using defaults.
20:34:45.462 [main] INFO org.springframework.boot.test.context.SpringBootTestContextBootstrapper - Loaded default TestExecutionListener class names from location [META-INF/spring.factories]: [org.springframework.boot.test.mock.mockito.MockitoTestExecutionListener, org.springframework.boot.test.mock.mockito.ResetMocksTestExecutionListener, org.springframework.boot.test.autoconfigure.restdocs.RestDocsTestExecutionListener, org.springframework.boot.test.autoconfigure.web.client.MockRestServiceServerResetTestExecutionListener, org.springframework.boot.test.autoconfigure.web.servlet.MockMvcPrintOnlyOnFailureTestExecutionListener, org.springframework.boot.test.autoconfigure.web.servlet.WebDriverTestExecutionListener, org.springframework.boot.test.autoconfigure.webservices.client.MockWebServiceServerTestExecutionListener, org.springframework.test.context.web.ServletTestExecutionListener, org.springframework.test.context.support.DirtiesContextBeforeModesTestExecutionListener, org.springframework.test.context.event.ApplicationEventsTestExecutionListener, org.springframework.test.context.support.DependencyInjectionTestExecutionListener, org.springframework.test.context.support.DirtiesContextTestExecutionListener, org.springframework.test.context.transaction.TransactionalTestExecutionListener, org.springframework.test.context.jdbc.SqlScriptsTestExecutionListener, org.springframework.test.context.event.EventPublishingTestExecutionListener]
20:34:45.468 [main] INFO org.springframework.boot.test.context.SpringBootTestContextBootstrapper - Using TestExecutionListeners: [org.springframework.test.context.web.ServletTestExecutionListener@6b58b9e9, org.springframework.test.context.support.DirtiesContextBeforeModesTestExecutionListener@f14a7d4, org.springframework.test.context.event.ApplicationEventsTestExecutionListener@52e7a6b2, org.springframework.boot.test.mock.mockito.MockitoTestExecutionListener@29a5f4e7, org.springframework.boot.test.autoconfigure.SpringBootDependencyInjectionTestExecutionListener@79c97cb, org.springframework.test.context.support.DirtiesContextTestExecutionListener@2d9caaeb, org.springframework.test.context.transaction.TransactionalTestExecutionListener@42a15bdc, org.springframework.test.context.jdbc.SqlScriptsTestExecutionListener@44a59da3, org.springframework.test.context.event.EventPublishingTestExecutionListener@27e47833, org.springframework.boot.test.mock.mockito.ResetMocksTestExecutionListener@6f6745d6, org.springframework.boot.test.autoconfigure.restdocs.RestDocsTestExecutionListener@27508c5d, org.springframework.boot.test.autoconfigure.web.client.MockRestServiceServerResetTestExecutionListener@4f704591, org.springframework.boot.test.autoconfigure.web.servlet.MockMvcPrintOnlyOnFailureTestExecutionListener@4b5189ac, org.springframework.boot.test.autoconfigure.web.servlet.WebDriverTestExecutionListener@1e4d3ce5, org.springframework.boot.test.autoconfigure.webservices.client.MockWebServiceServerTestExecutionListener@3ddc6915]
20:34:45.470 [main] DEBUG org.springframework.test.context.support.AbstractDirtiesContextTestExecutionListener - Before test class: context [DefaultTestContext@45ac5f9b testClass = PatientControllerTest, testInstance = [null], testMethod = [null], testException = [null], mergedContextConfiguration = [WebMergedContextConfiguration@135606db testClass = PatientControllerTest, locations = '{}', classes = '{class com.example.demo.DemoApplication}', contextInitializerClasses = '[]', activeProfiles = '{}', propertySourceLocations = '{}', propertySourceProperties = '{org.springframework.boot.test.context.SpringBootTestContextBootstrapper=true, server.port=0}', contextCustomizers = set[org.springframework.boot.test.context.filter.ExcludeFilterContextCustomizer@10959ece, org.springframework.boot.test.json.DuplicateJsonObjectContextCustomizerFactory$DuplicateJsonObjectContextCustomizer@65f095f8, org.springframework.boot.test.mock.mockito.MockitoContextCustomizer@0, org.springframework.boot.test.web.client.TestRestTemplateContextCustomizer@be35cd9, org.springframework.boot.test.autoconfigure.actuate.metrics.MetricsExportContextCustomizerFactory$DisableMetricExportContextCustomizer@66498326, org.springframework.boot.test.autoconfigure.properties.PropertyMappingContextCustomizer@0, org.springframework.boot.test.autoconfigure.web.servlet.WebDriverContextCustomizerFactory$Customizer@6bedbc4d, org.springframework.boot.test.context.SpringBootTestArgs@1, org.springframework.boot.test.context.SpringBootTestWebEnvironment@7e0b0338], resourceBasePath = 'src/main/webapp', contextLoader = 'org.springframework.boot.test.context.SpringBootContextLoader', parent = [null]], attributes = map['org.springframework.test.context.web.ServletTestExecutionListener.activateListener' -> false]], class annotated with @DirtiesContext [false] with mode [null].
20:34:45.477 [main] DEBUG org.springframework.test.context.support.DependencyInjectionTestExecutionListener - Performing dependency injection for test context [[DefaultTestContext@45ac5f9b testClass = PatientControllerTest, testInstance = com.example.demo.PatientControllerTest@5be49b60, testMethod = [null], testException = [null], mergedContextConfiguration = [WebMergedContextConfiguration@135606db testClass = PatientControllerTest, locations = '{}', classes = '{class com.example.demo.DemoApplication}', contextInitializerClasses = '[]', activeProfiles = '{}', propertySourceLocations = '{}', propertySourceProperties = '{org.springframework.boot.test.context.SpringBootTestContextBootstrapper=true, server.port=0}', contextCustomizers = set[org.springframework.boot.test.context.filter.ExcludeFilterContextCustomizer@10959ece, org.springframework.boot.test.json.DuplicateJsonObjectContextCustomizerFactory$DuplicateJsonObjectContextCustomizer@65f095f8, org.springframework.boot.test.mock.mockito.MockitoContextCustomizer@0, org.springframework.boot.test.web.client.TestRestTemplateContextCustomizer@be35cd9, org.springframework.boot.test.autoconfigure.actuate.metrics.MetricsExportContextCustomizerFactory$DisableMetricExportContextCustomizer@66498326, org.springframework.boot.test.autoconfigure.properties.PropertyMappingContextCustomizer@0, org.springframework.boot.test.autoconfigure.web.servlet.WebDriverContextCustomizerFactory$Customizer@6bedbc4d, org.springframework.boot.test.context.SpringBootTestArgs@1, org.springframework.boot.test.context.SpringBootTestWebEnvironment@7e0b0338], resourceBasePath = 'src/main/webapp', contextLoader = 'org.springframework.boot.test.context.SpringBootContextLoader', parent = [null]], attributes = map['org.springframework.test.context.web.ServletTestExecutionListener.activateListener' -> false, 'org.springframework.test.context.event.ApplicationEventsTestExecutionListener.recordApplicationEvents' -> false]]].

  .   ____          _            __ _ _
 /\\ / ___'_ __ _ _(_)_ __  __ _ \ \ \ \
( ( )\___ | '_ | '_| | '_ \/ _` | \ \ \ \
 \\/  ___)| |_)| | | | | || (_| |  ) ) ) )
  '  |____| .__|_| |_|_| |_\__, | / / / /
 =========|_|==============|___/=/_/_/_/
 :: Spring Boot ::             (v3.0.0-M1)

2022-02-12 20:34:45.640  INFO 58022 --- [           main] com.example.demo.PatientControllerTest   : Starting PatientControllerTest using Java 17.0.1 on Hariharans-MBP with PID 58022 (started by hari in /Users/hari/_workarea_/spring-learn/spring-jdbc-firefly)
2022-02-12 20:34:45.640  INFO 58022 --- [           main] com.example.demo.PatientControllerTest   : No active profile set, falling back to default profiles: default
2022-02-12 20:34:46.067  INFO 58022 --- [           main] o.s.b.w.embedded.tomcat.TomcatWebServer  : Tomcat initialized with port(s): 0 (http)
2022-02-12 20:34:46.072  INFO 58022 --- [           main] o.apache.catalina.core.StandardService   : Starting service [Tomcat]
2022-02-12 20:34:46.073  INFO 58022 --- [           main] org.apache.catalina.core.StandardEngine  : Starting Servlet engine: [Apache Tomcat/10.0.16]
2022-02-12 20:34:46.111  INFO 58022 --- [           main] o.a.c.c.C.[Tomcat].[localhost].[/]       : Initializing Spring embedded WebApplicationContext
2022-02-12 20:34:46.112  INFO 58022 --- [           main] w.s.c.ServletWebServerApplicationContext : Root WebApplicationContext: initialization completed in 461 ms
2022-02-12 20:34:46.181  INFO 58022 --- [           main] com.zaxxer.hikari.HikariDataSource       : HikariPool-1 - Starting...
2022-02-12 20:34:46.277  INFO 58022 --- [           main] com.zaxxer.hikari.pool.HikariPool        : HikariPool-1 - Added connection org.postgresql.jdbc.PgConnection@28157173
2022-02-12 20:34:46.278  INFO 58022 --- [           main] com.zaxxer.hikari.HikariDataSource       : HikariPool-1 - Start completed.
2022-02-12 20:34:46.288  INFO 58022 --- [           main] o.f.c.internal.license.VersionPrinter    : Flyway Community Edition 8.4.1 by Redgate
2022-02-12 20:34:46.288  INFO 58022 --- [           main] o.f.c.i.database.base.BaseDatabaseType   : Database: jdbc:postgresql://localhost:6551/dummy (PostgreSQL 14.1)
2022-02-12 20:34:46.319  INFO 58022 --- [           main] o.f.core.internal.command.DbValidate     : Successfully validated 1 migration (execution time 00:00.012s)
2022-02-12 20:34:46.329  INFO 58022 --- [           main] o.f.core.internal.command.DbMigrate      : Current version of schema "dummy": 1
2022-02-12 20:34:46.331  INFO 58022 --- [           main] o.f.core.internal.command.DbMigrate      : Schema "dummy" is up to date. No migration necessary.
2022-02-12 20:34:46.485  INFO 58022 --- [           main] o.s.b.w.embedded.tomcat.TomcatWebServer  : Tomcat started on port(s): 60258 (http) with context path ''
2022-02-12 20:34:46.490  INFO 58022 --- [           main] com.example.demo.PatientControllerTest   : Started PatientControllerTest in 1.003 seconds (JVM running for 1.388)
2022-02-12 20:34:46.685  INFO 58022 --- [o-auto-1-exec-1] o.a.c.c.C.[Tomcat].[localhost].[/]       : Initializing Spring DispatcherServlet 'dispatcherServlet'
2022-02-12 20:34:46.685  INFO 58022 --- [o-auto-1-exec-1] o.s.web.servlet.DispatcherServlet        : Initializing Servlet 'dispatcherServlet'
2022-02-12 20:34:46.686  INFO 58022 --- [o-auto-1-exec-1] o.s.web.servlet.DispatcherServlet        : Completed initialization in 1 ms
2022-02-12 20:34:46.695 DEBUG 58022 --- [o-auto-1-exec-1] o.s.jdbc.core.JdbcTemplate               : Executing SQL query [select * from patient]
2022-02-12 20:34:46.699 DEBUG 58022 --- [o-auto-1-exec-1] o.s.jdbc.core.BeanPropertyRowMapper      : Mapping column 'patient_id' to property 'patient_id' of type 'java.lang.Long'
2022-02-12 20:34:46.699 DEBUG 58022 --- [o-auto-1-exec-1] o.s.jdbc.core.BeanPropertyRowMapper      : Mapping column 'first_name' to property 'firstName' of type 'java.lang.String'
2022-02-12 20:34:46.699 DEBUG 58022 --- [o-auto-1-exec-1] o.s.jdbc.core.BeanPropertyRowMapper      : Mapping column 'last_name' to property 'lastName' of type 'java.lang.String'
]]></system-out>
  </testcase>
</testsuite>